00:00:35:926 DEBUG 43320 --- [http-nio-8082-exec-8] c.h.cart.mapper.CartMapper.selectCount   : ==>  Preparing: SELECT COUNT( * ) FROM cart WHERE (user_id = ? AND item_id = ?)
00:00:35:933 DEBUG 43320 --- [http-nio-8082-exec-8] c.h.cart.mapper.CartMapper.selectCount   : ==> Parameters: null, 546872(Long)
00:00:35:937 DEBUG 43320 --- [http-nio-8082-exec-8] c.h.cart.mapper.CartMapper.selectCount   : <==      Total: 1
00:00:35:942 DEBUG 43320 --- [http-nio-8082-exec-8] c.h.cart.mapper.CartMapper.selectCount   : ==>  Preparing: SELECT COUNT( * ) FROM cart WHERE (user_id = ?)
00:00:35:942 DEBUG 43320 --- [http-nio-8082-exec-8] c.h.cart.mapper.CartMapper.selectCount   : ==> Parameters: null
00:00:35:945 DEBUG 43320 --- [http-nio-8082-exec-8] c.h.cart.mapper.CartMapper.selectCount   : <==      Total: 1
00:00:35:954 DEBUG 43320 --- [http-nio-8082-exec-8] com.hmall.cart.mapper.CartMapper.insert  : ==>  Preparing: INSERT INTO cart ( item_id, name, spec, price, image ) VALUES ( ?, ?, ?, ?, ? )
00:00:35:955 DEBUG 43320 --- [http-nio-8082-exec-8] com.hmall.cart.mapper.CartMapper.insert  : ==> Parameters: 546872(Long), 博兿（BOYI）拉杆包男23英寸大容量旅行包户外手提休闲拉杆袋 BY09186黑灰色(String), {"颜色": "黑色"}(String), 27500(Integer), https://m.360buyimg.com/mobilecms/s720x720_jfs/t3301/221/3887995271/90563/bf2cadb/57f9fbf4N8e47c225.jpg!q70.jpg.webp(String)
00:00:36:120 ERROR 43320 --- [http-nio-8082-exec-8] c.h.common.advice.CommonExceptionAdvice  : 其他异常 uri : /carts -> 

org.springframework.dao.DataIntegrityViolationException: 
### Error updating database.  Cause: java.sql.SQLException: Field 'user_id' doesn't have a default value
### The error may exist in com/hmall/cart/mapper/CartMapper.java (best guess)
### The error may involve com.hmall.cart.mapper.CartMapper.insert-Inline
### The error occurred while setting parameters
### SQL: INSERT INTO cart  ( item_id,  name, spec, price, image )  VALUES  ( ?,  ?, ?, ?, ? )
### Cause: java.sql.SQLException: Field 'user_id' doesn't have a default value
; Field 'user_id' doesn't have a default value; nested exception is java.sql.SQLException: Field 'user_id' doesn't have a default value
	at org.springframework.jdbc.support.SQLErrorCodeSQLExceptionTranslator.doTranslate(SQLErrorCodeSQLExceptionTranslator.java:251) ~[spring-jdbc-5.3.27.jar:5.3.27]
	at org.springframework.jdbc.support.AbstractFallbackSQLExceptionTranslator.translate(AbstractFallbackSQLExceptionTranslator.java:70) ~[spring-jdbc-5.3.27.jar:5.3.27]
	at org.mybatis.spring.MyBatisExceptionTranslator.translateExceptionIfPossible(MyBatisExceptionTranslator.java:88) ~[mybatis-spring-2.0.5.jar:2.0.5]
	at org.mybatis.spring.SqlSessionTemplate$SqlSessionInterceptor.invoke(SqlSessionTemplate.java:440) ~[mybatis-spring-2.0.5.jar:2.0.5]
	at com.sun.proxy.$Proxy145.insert(Unknown Source) ~[na:na]
	at org.mybatis.spring.SqlSessionTemplate.insert(SqlSessionTemplate.java:271) ~[mybatis-spring-2.0.5.jar:2.0.5]
	at com.baomidou.mybatisplus.core.override.MybatisMapperMethod.execute(MybatisMapperMethod.java:60) ~[mybatis-plus-core-3.4.2.jar:3.4.2]
	at com.baomidou.mybatisplus.core.override.MybatisMapperProxy$PlainMethodInvoker.invoke(MybatisMapperProxy.java:148) ~[mybatis-plus-core-3.4.2.jar:3.4.2]
	at com.baomidou.mybatisplus.core.override.MybatisMapperProxy.invoke(MybatisMapperProxy.java:89) ~[mybatis-plus-core-3.4.2.jar:3.4.2]
	at com.sun.proxy.$Proxy149.insert(Unknown Source) ~[na:na]
	at com.baomidou.mybatisplus.extension.service.IService.save(IService.java:63) ~[mybatis-plus-extension-3.4.2.jar:3.4.2]
	at com.hmall.cart.service.Impl.CartServiceImpl.addItem2Cart(CartServiceImpl.java:55) ~[classes/:na]
	at com.hmall.cart.service.Impl.CartServiceImpl$$FastClassBySpringCGLIB$$83d8b6af.invoke(<generated>) ~[classes/:na]
	at org.springframework.cglib.proxy.MethodProxy.invoke(MethodProxy.java:218) ~[spring-core-5.3.27.jar:5.3.27]
	at org.springframework.aop.framework.CglibAopProxy.invokeMethod(CglibAopProxy.java:386) ~[spring-aop-5.3.27.jar:5.3.27]
	at org.springframework.aop.framework.CglibAopProxy.access$000(CglibAopProxy.java:85) ~[spring-aop-5.3.27.jar:5.3.27]
	at org.springframework.aop.framework.CglibAopProxy$DynamicAdvisedInterceptor.intercept(CglibAopProxy.java:704) ~[spring-aop-5.3.27.jar:5.3.27]
	at com.hmall.cart.service.Impl.CartServiceImpl$$EnhancerBySpringCGLIB$$eee57355.addItem2Cart(<generated>) ~[classes/:na]
	at com.hmall.cart.controller.CartController.addItem2Cart(CartController.java:29) ~[classes/:na]
	at java.base/jdk.internal.reflect.NativeMethodAccessorImpl.invoke0(Native Method) ~[na:na]
	at java.base/jdk.internal.reflect.NativeMethodAccessorImpl.invoke(NativeMethodAccessorImpl.java:62) ~[na:na]
	at java.base/jdk.internal.reflect.DelegatingMethodAccessorImpl.invoke(DelegatingMethodAccessorImpl.java:43) ~[na:na]
	at java.base/java.lang.reflect.Method.invoke(Method.java:566) ~[na:na]
	at org.springframework.web.method.support.InvocableHandlerMethod.doInvoke(InvocableHandlerMethod.java:205) ~[spring-web-5.3.27.jar:5.3.27]
	at org.springframework.web.method.support.InvocableHandlerMethod.invokeForRequest(InvocableHandlerMethod.java:150) ~[spring-web-5.3.27.jar:5.3.27]
	at org.springframework.web.servlet.mvc.method.annotation.ServletInvocableHandlerMethod.invokeAndHandle(ServletInvocableHandlerMethod.java:117) ~[spring-webmvc-5.3.27.jar:5.3.27]
	at org.springframework.web.servlet.mvc.method.annotation.RequestMappingHandlerAdapter.invokeHandlerMethod(RequestMappingHandlerAdapter.java:895) ~[spring-webmvc-5.3.27.jar:5.3.27]
	at org.springframework.web.servlet.mvc.method.annotation.RequestMappingHandlerAdapter.handleInternal(RequestMappingHandlerAdapter.java:808) ~[spring-webmvc-5.3.27.jar:5.3.27]
	at org.springframework.web.servlet.mvc.method.AbstractHandlerMethodAdapter.handle(AbstractHandlerMethodAdapter.java:87) ~[spring-webmvc-5.3.27.jar:5.3.27]
	at org.springframework.web.servlet.DispatcherServlet.doDispatch(DispatcherServlet.java:1072) ~[spring-webmvc-5.3.27.jar:5.3.27]
	at org.springframework.web.servlet.DispatcherServlet.doService(DispatcherServlet.java:965) ~[spring-webmvc-5.3.27.jar:5.3.27]
	at org.springframework.web.servlet.FrameworkServlet.processRequest(FrameworkServlet.java:1006) ~[spring-webmvc-5.3.27.jar:5.3.27]
	at org.springframework.web.servlet.FrameworkServlet.doPost(FrameworkServlet.java:909) ~[spring-webmvc-5.3.27.jar:5.3.27]
	at javax.servlet.http.HttpServlet.service(HttpServlet.java:555) ~[tomcat-embed-core-9.0.75.jar:4.0.FR]
	at org.springframework.web.servlet.FrameworkServlet.service(FrameworkServlet.java:883) ~[spring-webmvc-5.3.27.jar:5.3.27]
	at javax.servlet.http.HttpServlet.service(HttpServlet.java:623) ~[tomcat-embed-core-9.0.75.jar:4.0.FR]
	at org.apache.catalina.core.ApplicationFilterChain.internalDoFilter(ApplicationFilterChain.java:209) ~[tomcat-embed-core-9.0.75.jar:9.0.75]
	at org.apache.catalina.core.ApplicationFilterChain.doFilter(ApplicationFilterChain.java:153) ~[tomcat-embed-core-9.0.75.jar:9.0.75]
	at org.apache.tomcat.websocket.server.WsFilter.doFilter(WsFilter.java:51) ~[tomcat-embed-websocket-9.0.75.jar:9.0.75]
	at org.apache.catalina.core.ApplicationFilterChain.internalDoFilter(ApplicationFilterChain.java:178) ~[tomcat-embed-core-9.0.75.jar:9.0.75]
	at org.apache.catalina.core.ApplicationFilterChain.doFilter(ApplicationFilterChain.java:153) ~[tomcat-embed-core-9.0.75.jar:9.0.75]
	at org.springframework.web.filter.RequestContextFilter.doFilterInternal(RequestContextFilter.java:100) ~[spring-web-5.3.27.jar:5.3.27]
	at org.springframework.web.filter.OncePerRequestFilter.doFilter(OncePerRequestFilter.java:117) ~[spring-web-5.3.27.jar:5.3.27]
	at org.apache.catalina.core.ApplicationFilterChain.internalDoFilter(ApplicationFilterChain.java:178) ~[tomcat-embed-core-9.0.75.jar:9.0.75]
	at org.apache.catalina.core.ApplicationFilterChain.doFilter(ApplicationFilterChain.java:153) ~[tomcat-embed-core-9.0.75.jar:9.0.75]
	at org.springframework.web.filter.FormContentFilter.doFilterInternal(FormContentFilter.java:93) ~[spring-web-5.3.27.jar:5.3.27]
	at org.springframework.web.filter.OncePerRequestFilter.doFilter(OncePerRequestFilter.java:117) ~[spring-web-5.3.27.jar:5.3.27]
	at org.apache.catalina.core.ApplicationFilterChain.internalDoFilter(ApplicationFilterChain.java:178) ~[tomcat-embed-core-9.0.75.jar:9.0.75]
	at org.apache.catalina.core.ApplicationFilterChain.doFilter(ApplicationFilterChain.java:153) ~[tomcat-embed-core-9.0.75.jar:9.0.75]
	at org.springframework.web.filter.CharacterEncodingFilter.doFilterInternal(CharacterEncodingFilter.java:201) ~[spring-web-5.3.27.jar:5.3.27]
	at org.springframework.web.filter.OncePerRequestFilter.doFilter(OncePerRequestFilter.java:117) ~[spring-web-5.3.27.jar:5.3.27]
	at org.apache.catalina.core.ApplicationFilterChain.internalDoFilter(ApplicationFilterChain.java:178) ~[tomcat-embed-core-9.0.75.jar:9.0.75]
	at org.apache.catalina.core.ApplicationFilterChain.doFilter(ApplicationFilterChain.java:153) ~[tomcat-embed-core-9.0.75.jar:9.0.75]
	at org.apache.catalina.core.StandardWrapperValve.invoke(StandardWrapperValve.java:167) ~[tomcat-embed-core-9.0.75.jar:9.0.75]
	at org.apache.catalina.core.StandardContextValve.invoke(StandardContextValve.java:90) ~[tomcat-embed-core-9.0.75.jar:9.0.75]
	at org.apache.catalina.authenticator.AuthenticatorBase.invoke(AuthenticatorBase.java:481) ~[tomcat-embed-core-9.0.75.jar:9.0.75]
	at org.apache.catalina.core.StandardHostValve.invoke(StandardHostValve.java:130) ~[tomcat-embed-core-9.0.75.jar:9.0.75]
	at org.apache.catalina.valves.ErrorReportValve.invoke(ErrorReportValve.java:93) ~[tomcat-embed-core-9.0.75.jar:9.0.75]
	at org.apache.catalina.core.StandardEngineValve.invoke(StandardEngineValve.java:74) ~[tomcat-embed-core-9.0.75.jar:9.0.75]
	at org.apache.catalina.connector.CoyoteAdapter.service(CoyoteAdapter.java:343) ~[tomcat-embed-core-9.0.75.jar:9.0.75]
	at org.apache.coyote.http11.Http11Processor.service(Http11Processor.java:390) ~[tomcat-embed-core-9.0.75.jar:9.0.75]
	at org.apache.coyote.AbstractProcessorLight.process(AbstractProcessorLight.java:63) ~[tomcat-embed-core-9.0.75.jar:9.0.75]
	at org.apache.coyote.AbstractProtocol$ConnectionHandler.process(AbstractProtocol.java:926) ~[tomcat-embed-core-9.0.75.jar:9.0.75]
	at org.apache.tomcat.util.net.NioEndpoint$SocketProcessor.doRun(NioEndpoint.java:1791) ~[tomcat-embed-core-9.0.75.jar:9.0.75]
	at org.apache.tomcat.util.net.SocketProcessorBase.run(SocketProcessorBase.java:52) ~[tomcat-embed-core-9.0.75.jar:9.0.75]
	at org.apache.tomcat.util.threads.ThreadPoolExecutor.runWorker(ThreadPoolExecutor.java:1191) ~[tomcat-embed-core-9.0.75.jar:9.0.75]
	at org.apache.tomcat.util.threads.ThreadPoolExecutor$Worker.run(ThreadPoolExecutor.java:659) ~[tomcat-embed-core-9.0.75.jar:9.0.75]
	at org.apache.tomcat.util.threads.TaskThread$WrappingRunnable.run(TaskThread.java:61) ~[tomcat-embed-core-9.0.75.jar:9.0.75]
	at java.base/java.lang.Thread.run(Thread.java:829) ~[na:na]
Caused by: java.sql.SQLException: Field 'user_id' doesn't have a default value
	at com.mysql.cj.jdbc.exceptions.SQLError.createSQLException(SQLError.java:129) ~[mysql-connector-java-8.0.23.jar:8.0.23]
	at com.mysql.cj.jdbc.exceptions.SQLExceptionsMapping.translateException(SQLExceptionsMapping.java:122) ~[mysql-connector-java-8.0.23.jar:8.0.23]
	at com.mysql.cj.jdbc.ClientPreparedStatement.executeInternal(ClientPreparedStatement.java:953) ~[mysql-connector-java-8.0.23.jar:8.0.23]
	at com.mysql.cj.jdbc.ClientPreparedStatement.execute(ClientPreparedStatement.java:370) ~[mysql-connector-java-8.0.23.jar:8.0.23]
	at com.zaxxer.hikari.pool.ProxyPreparedStatement.execute(ProxyPreparedStatement.java:44) ~[HikariCP-4.0.3.jar:na]
	at com.zaxxer.hikari.pool.HikariProxyPreparedStatement.execute(HikariProxyPreparedStatement.java) ~[HikariCP-4.0.3.jar:na]
	at java.base/jdk.internal.reflect.NativeMethodAccessorImpl.invoke0(Native Method) ~[na:na]
	at java.base/jdk.internal.reflect.NativeMethodAccessorImpl.invoke(NativeMethodAccessorImpl.java:62) ~[na:na]
	at java.base/jdk.internal.reflect.DelegatingMethodAccessorImpl.invoke(DelegatingMethodAccessorImpl.java:43) ~[na:na]
	at java.base/java.lang.reflect.Method.invoke(Method.java:566) ~[na:na]
	at org.apache.ibatis.logging.jdbc.PreparedStatementLogger.invoke(PreparedStatementLogger.java:59) ~[mybatis-3.5.6.jar:3.5.6]
	at com.sun.proxy.$Proxy195.execute(Unknown Source) ~[na:na]
	at org.apache.ibatis.executor.statement.PreparedStatementHandler.update(PreparedStatementHandler.java:47) ~[mybatis-3.5.6.jar:3.5.6]
	at org.apache.ibatis.executor.statement.RoutingStatementHandler.update(RoutingStatementHandler.java:74) ~[mybatis-3.5.6.jar:3.5.6]
	at java.base/jdk.internal.reflect.NativeMethodAccessorImpl.invoke0(Native Method) ~[na:na]
	at java.base/jdk.internal.reflect.NativeMethodAccessorImpl.invoke(NativeMethodAccessorImpl.java:62) ~[na:na]
	at java.base/jdk.internal.reflect.DelegatingMethodAccessorImpl.invoke(DelegatingMethodAccessorImpl.java:43) ~[na:na]
	at java.base/java.lang.reflect.Method.invoke(Method.java:566) ~[na:na]
	at org.apache.ibatis.plugin.Plugin.invoke(Plugin.java:63) ~[mybatis-3.5.6.jar:3.5.6]
	at com.sun.proxy.$Proxy194.update(Unknown Source) ~[na:na]
	at com.baomidou.mybatisplus.core.executor.MybatisSimpleExecutor.doUpdate(MybatisSimpleExecutor.java:56) ~[mybatis-plus-core-3.4.2.jar:3.4.2]
	at org.apache.ibatis.executor.BaseExecutor.update(BaseExecutor.java:117) ~[mybatis-3.5.6.jar:3.5.6]
	at com.baomidou.mybatisplus.core.executor.MybatisCachingExecutor.update(MybatisCachingExecutor.java:85) ~[mybatis-plus-core-3.4.2.jar:3.4.2]
	at java.base/jdk.internal.reflect.NativeMethodAccessorImpl.invoke0(Native Method) ~[na:na]
	at java.base/jdk.internal.reflect.NativeMethodAccessorImpl.invoke(NativeMethodAccessorImpl.java:62) ~[na:na]
	at java.base/jdk.internal.reflect.DelegatingMethodAccessorImpl.invoke(DelegatingMethodAccessorImpl.java:43) ~[na:na]
	at java.base/java.lang.reflect.Method.invoke(Method.java:566) ~[na:na]
	at org.apache.ibatis.plugin.Invocation.proceed(Invocation.java:49) ~[mybatis-3.5.6.jar:3.5.6]
	at com.baomidou.mybatisplus.extension.plugins.MybatisPlusInterceptor.intercept(MybatisPlusInterceptor.java:106) ~[mybatis-plus-extension-3.4.2.jar:3.4.2]
	at org.apache.ibatis.plugin.Plugin.invoke(Plugin.java:61) ~[mybatis-3.5.6.jar:3.5.6]
	at com.sun.proxy.$Proxy193.update(Unknown Source) ~[na:na]
	at org.apache.ibatis.session.defaults.DefaultSqlSession.update(DefaultSqlSession.java:197) ~[mybatis-3.5.6.jar:3.5.6]
	at org.apache.ibatis.session.defaults.DefaultSqlSession.insert(DefaultSqlSession.java:184) ~[mybatis-3.5.6.jar:3.5.6]
	at java.base/jdk.internal.reflect.NativeMethodAccessorImpl.invoke0(Native Method) ~[na:na]
	at java.base/jdk.internal.reflect.NativeMethodAccessorImpl.invoke(NativeMethodAccessorImpl.java:62) ~[na:na]
	at java.base/jdk.internal.reflect.DelegatingMethodAccessorImpl.invoke(DelegatingMethodAccessorImpl.java:43) ~[na:na]
	at java.base/java.lang.reflect.Method.invoke(Method.java:566) ~[na:na]
	at org.mybatis.spring.SqlSessionTemplate$SqlSessionInterceptor.invoke(SqlSessionTemplate.java:426) ~[mybatis-spring-2.0.5.jar:2.0.5]
	... 65 common frames omitted

00:02:11:018  WARN 43320 --- [Thread-1] c.a.n.common.http.HttpClientBeanHolder   : [HttpClientBeanHolder] Start destroying common HttpClient
00:02:11:019  WARN 43320 --- [Thread-5] c.a.nacos.common.notify.NotifyCenter     : [NotifyCenter] Start destroying Publisher
00:02:11:020  WARN 43320 --- [Thread-5] c.a.nacos.common.notify.NotifyCenter     : [NotifyCenter] Destruction of the end
00:02:11:022  WARN 43320 --- [Thread-1] c.a.n.common.http.HttpClientBeanHolder   : [HttpClientBeanHolder] Destruction of the end
00:02:11:031  INFO 43320 --- [org.springframework.amqp.rabbit.RabbitListenerEndpointContainer#0-2] o.s.a.r.l.SimpleMessageListenerContainer : Waiting for workers to finish.
00:02:11:186  INFO 43320 --- [org.springframework.amqp.rabbit.RabbitListenerEndpointContainer#0-2] o.s.a.r.l.SimpleMessageListenerContainer : Successfully waited for workers to finish.
00:02:11:581  INFO 43320 --- [SpringContextShutdownHook] c.a.c.n.registry.NacosServiceRegistry    : De-registering from Nacos Server now...
00:02:11:589  INFO 43320 --- [SpringContextShutdownHook] c.a.c.n.registry.NacosServiceRegistry    : De-registration finished.
00:02:11:897  INFO 43320 --- [SpringContextShutdownHook] com.alibaba.nacos.common.remote.client   : Shutdown rpc client, set status to shutdown
00:02:11:897  INFO 43320 --- [SpringContextShutdownHook] com.alibaba.nacos.common.remote.client   : Shutdown client event executor java.util.concurrent.ScheduledThreadPoolExecutor@1cefb52b[Running, pool size = 2, active threads = 2, queued tasks = 0, completed tasks = 0]
00:02:11:898  INFO 43320 --- [SpringContextShutdownHook] com.alibaba.nacos.common.remote.client   : Close current connection 1748447332966_192.168.200.1_57557
00:02:11:901  INFO 43320 --- [nacos-grpc-client-executor-170] c.a.n.c.remote.client.grpc.GrpcClient    : [1748447332966_192.168.200.1_57557]Ignore complete event,isRunning:false,isAbandon=false
00:02:11:908  INFO 43320 --- [SpringContextShutdownHook] c.a.n.c.remote.client.grpc.GrpcClient    : Shutdown grpc executor java.util.concurrent.ThreadPoolExecutor@9e1b065[Running, pool size = 4, active threads = 0, queued tasks = 0, completed tasks = 171]
00:02:11:917  INFO 43320 --- [SpringContextShutdownHook] com.zaxxer.hikari.HikariDataSource       : HikariPool-1 - Shutdown initiated...
00:02:11:962  INFO 43320 --- [SpringContextShutdownHook] com.zaxxer.hikari.HikariDataSource       : HikariPool-1 - Shutdown completed.
00:02:11:965  INFO 43320 --- [SpringContextShutdownHook] o.s.a.r.l.SimpleMessageListenerContainer : Shutdown ignored - container is already stopped
00:02:11:970  INFO 43320 --- [NettyClientSelector_TMROLE_1_1] i.s.c.r.n.AbstractNettyRemotingClient    : channel inactive: [id: 0x65bd916c, L:/192.168.200.1:57537 ! R:/192.168.200.128:8099]
00:02:11:970  INFO 43320 --- [NettyClientSelector_TMROLE_1_1] i.s.c.r.netty.NettyClientChannelManager  : return to pool, rm channel:[id: 0x65bd916c, L:/192.168.200.1:57537 ! R:/192.168.200.128:8099]
00:02:11:970  INFO 43320 --- [NettyClientSelector_TMROLE_1_1] i.s.core.rpc.netty.NettyPoolableFactory  : channel valid false,channel:[id: 0x65bd916c, L:/192.168.200.1:57537 ! R:/192.168.200.128:8099]
00:02:11:971  INFO 43320 --- [NettyClientSelector_TMROLE_1_1] i.s.core.rpc.netty.NettyPoolableFactory  : will destroy channel:[id: 0x65bd916c, L:/192.168.200.1:57537 ! R:/192.168.200.128:8099]
00:02:11:971  INFO 43320 --- [NettyClientSelector_RMROLE_1_1] i.s.c.r.n.AbstractNettyRemotingClient    : channel inactive: [id: 0x5f23e108, L:/192.168.200.1:57543 ! R:/192.168.200.128:8099]
00:02:11:971  INFO 43320 --- [NettyClientSelector_TMROLE_1_1] i.s.c.r.n.AbstractNettyRemotingClient    : ChannelHandlerContext(AbstractNettyRemotingClient$ClientHandler#0, [id: 0x65bd916c, L:/192.168.200.1:57537 ! R:/192.168.200.128:8099]) will closed
00:02:11:971  INFO 43320 --- [NettyClientSelector_RMROLE_1_1] i.s.c.r.netty.NettyClientChannelManager  : return to pool, rm channel:[id: 0x5f23e108, L:/192.168.200.1:57543 ! R:/192.168.200.128:8099]
00:02:11:972  INFO 43320 --- [NettyClientSelector_RMROLE_1_1] i.s.core.rpc.netty.NettyPoolableFactory  : channel valid false,channel:[id: 0x5f23e108, L:/192.168.200.1:57543 ! R:/192.168.200.128:8099]
00:02:11:972  INFO 43320 --- [NettyClientSelector_TMROLE_1_1] i.s.c.r.n.AbstractNettyRemotingClient    : ChannelHandlerContext(AbstractNettyRemotingClient$ClientHandler#0, [id: 0x65bd916c, L:/192.168.200.1:57537 ! R:/192.168.200.128:8099]) will closed
00:02:11:972  INFO 43320 --- [NettyClientSelector_RMROLE_1_1] i.s.core.rpc.netty.NettyPoolableFactory  : will destroy channel:[id: 0x5f23e108, L:/192.168.200.1:57543 ! R:/192.168.200.128:8099]
00:02:11:972  INFO 43320 --- [NettyClientSelector_RMROLE_1_1] i.s.c.r.n.AbstractNettyRemotingClient    : ChannelHandlerContext(AbstractNettyRemotingClient$ClientHandler#0, [id: 0x5f23e108, L:/192.168.200.1:57543 ! R:/192.168.200.128:8099]) will closed
00:02:11:972  INFO 43320 --- [NettyClientSelector_RMROLE_1_1] i.s.c.r.n.AbstractNettyRemotingClient    : ChannelHandlerContext(AbstractNettyRemotingClient$ClientHandler#0, [id: 0x5f23e108, L:/192.168.200.1:57543 ! R:/192.168.200.128:8099]) will closed
00:02:20:809  INFO 41276 --- [main] com.hmall.cart.cartApplication           : The following 1 profile is active: "local"
00:02:21:702  INFO 41276 --- [main] o.s.cloud.context.scope.GenericScope     : BeanFactory id=6e7cbbfd-e3bd-30ec-a2db-f42c4a4ec174
00:02:21:753  INFO 41276 --- [main] trationDelegate$BeanPostProcessorChecker : Bean 'io.seata.spring.boot.autoconfigure.SeataCoreAutoConfiguration' of type [io.seata.spring.boot.autoconfigure.SeataCoreAutoConfiguration] is not eligible for getting processed by all BeanPostProcessors (for example: not eligible for auto-proxying)
00:02:21:753  INFO 41276 --- [main] trationDelegate$BeanPostProcessorChecker : Bean 'springApplicationContextProvider' of type [io.seata.spring.boot.autoconfigure.provider.SpringApplicationContextProvider] is not eligible for getting processed by all BeanPostProcessors (for example: not eligible for auto-proxying)
00:02:21:753  INFO 41276 --- [main] trationDelegate$BeanPostProcessorChecker : Bean 'io.seata.spring.boot.autoconfigure.SeataAutoConfiguration' of type [io.seata.spring.boot.autoconfigure.SeataAutoConfiguration] is not eligible for getting processed by all BeanPostProcessors (for example: not eligible for auto-proxying)
00:02:21:775  INFO 41276 --- [main] trationDelegate$BeanPostProcessorChecker : Bean 'failureHandler' of type [io.seata.tm.api.DefaultFailureHandlerImpl] is not eligible for getting processed by all BeanPostProcessors (for example: not eligible for auto-proxying)
00:02:21:777  INFO 41276 --- [main] trationDelegate$BeanPostProcessorChecker : Bean 'org.springframework.cloud.commons.config.CommonsConfigAutoConfiguration' of type [org.springframework.cloud.commons.config.CommonsConfigAutoConfiguration] is not eligible for getting processed by all BeanPostProcessors (for example: not eligible for auto-proxying)
00:02:21:778  INFO 41276 --- [main] trationDelegate$BeanPostProcessorChecker : Bean 'org.springframework.cloud.client.loadbalancer.LoadBalancerDefaultMappingsProviderAutoConfiguration' of type [org.springframework.cloud.client.loadbalancer.LoadBalancerDefaultMappingsProviderAutoConfiguration] is not eligible for getting processed by all BeanPostProcessors (for example: not eligible for auto-proxying)
00:02:21:779  INFO 41276 --- [main] trationDelegate$BeanPostProcessorChecker : Bean 'loadBalancerClientsDefaultsMappingsProvider' of type [org.springframework.cloud.client.loadbalancer.LoadBalancerDefaultMappingsProviderAutoConfiguration$$Lambda$565/0x000000080065cc40] is not eligible for getting processed by all BeanPostProcessors (for example: not eligible for auto-proxying)
00:02:21:779  INFO 41276 --- [main] trationDelegate$BeanPostProcessorChecker : Bean 'defaultsBindHandlerAdvisor' of type [org.springframework.cloud.commons.config.DefaultsBindHandlerAdvisor] is not eligible for getting processed by all BeanPostProcessors (for example: not eligible for auto-proxying)
00:02:21:784  INFO 41276 --- [main] trationDelegate$BeanPostProcessorChecker : Bean 'springCloudAlibabaConfiguration' of type [io.seata.spring.boot.autoconfigure.properties.SpringCloudAlibabaConfiguration] is not eligible for getting processed by all BeanPostProcessors (for example: not eligible for auto-proxying)
00:02:21:785  INFO 41276 --- [main] trationDelegate$BeanPostProcessorChecker : Bean 'seataProperties' of type [io.seata.spring.boot.autoconfigure.properties.SeataProperties] is not eligible for getting processed by all BeanPostProcessors (for example: not eligible for auto-proxying)
00:02:21:786  INFO 41276 --- [main] i.s.s.b.a.SeataAutoConfiguration         : Automatically configure Seata
00:02:21:820  INFO 41276 --- [main] io.seata.config.ConfigurationFactory     : load Configuration from :Spring Configuration
00:02:21:824  INFO 41276 --- [main] io.seata.config.ConfigurationFactory     : load Configuration from :Spring Configuration
00:02:21:890  INFO 41276 --- [main] i.s.s.a.GlobalTransactionScanner         : Initializing Global Transaction Clients ... 
00:02:21:932  INFO 41276 --- [main] i.s.core.rpc.netty.NettyClientBootstrap  : NettyClientBootstrap has started
00:02:22:202  INFO 41276 --- [main] com.alibaba.nacos.common.remote.client   : [RpcClientFactory] create a new rpc client of bfe0670b-b666-4ee8-9f7a-6f8d6eca0502
00:02:22:204  INFO 41276 --- [main] com.alibaba.nacos.common.remote.client   : [bfe0670b-b666-4ee8-9f7a-6f8d6eca0502] RpcClient init label, labels = {module=naming, source=sdk}
00:02:22:206  INFO 41276 --- [main] com.alibaba.nacos.common.remote.client   : [bfe0670b-b666-4ee8-9f7a-6f8d6eca0502] RpcClient init, ServerListFactory = com.alibaba.nacos.client.naming.core.ServerListManager
00:02:22:206  INFO 41276 --- [main] com.alibaba.nacos.common.remote.client   : [bfe0670b-b666-4ee8-9f7a-6f8d6eca0502] Registry connection listener to current client:com.alibaba.nacos.client.naming.remote.gprc.redo.NamingGrpcRedoService
00:02:22:206  INFO 41276 --- [main] com.alibaba.nacos.common.remote.client   : [bfe0670b-b666-4ee8-9f7a-6f8d6eca0502] Register server push request handler:com.alibaba.nacos.client.naming.remote.gprc.NamingPushRequestHandler
00:02:22:208  INFO 41276 --- [main] com.alibaba.nacos.common.remote.client   : [bfe0670b-b666-4ee8-9f7a-6f8d6eca0502] Try to connect to server on start up, server: {serverIp = '192.168.200.128', server main port = 8848}
00:02:22:346  INFO 41276 --- [main] com.alibaba.nacos.common.remote.client   : [bfe0670b-b666-4ee8-9f7a-6f8d6eca0502] Success to connect to server [192.168.200.128:8848] on start up, connectionId = 1748448144357_192.168.200.1_59102
00:02:22:346  INFO 41276 --- [main] com.alibaba.nacos.common.remote.client   : [bfe0670b-b666-4ee8-9f7a-6f8d6eca0502] Register server push request handler:com.alibaba.nacos.common.remote.client.RpcClient$ConnectResetRequestHandler
00:02:22:346  INFO 41276 --- [main] com.alibaba.nacos.common.remote.client   : [bfe0670b-b666-4ee8-9f7a-6f8d6eca0502] Register server push request handler:com.alibaba.nacos.common.remote.client.RpcClient$$Lambda$470/0x0000000800423440
00:02:22:346  INFO 41276 --- [com.alibaba.nacos.client.remote.worker] com.alibaba.nacos.common.remote.client   : [bfe0670b-b666-4ee8-9f7a-6f8d6eca0502] Notify connected event to listeners.
00:02:22:388  INFO 41276 --- [main] i.s.c.r.netty.NettyClientChannelManager  : will connect to 192.168.200.128:8099
00:02:22:796  INFO 41276 --- [main] i.s.core.rpc.netty.NettyPoolableFactory  : NettyPool create channel to transactionRole:TMROLE,address:192.168.200.128:8099,msg:< RegisterTMRequest{applicationId='cart-service', transactionServiceGroup='hmall'} >
00:02:22:954  INFO 41276 --- [nacos-grpc-client-executor-5] com.alibaba.nacos.common.remote.client   : [bfe0670b-b666-4ee8-9f7a-6f8d6eca0502] Receive server push request, request = NotifySubscriberRequest, requestId = 115
00:02:22:956  INFO 41276 --- [nacos-grpc-client-executor-5] com.alibaba.nacos.common.remote.client   : [bfe0670b-b666-4ee8-9f7a-6f8d6eca0502] Ack server push request, request = NotifySubscriberRequest, requestId = 115
00:02:23:253  INFO 41276 --- [main] i.s.c.rpc.netty.TmNettyRemotingClient    : register TM success. client version:1.5.2, server version:1.5.2,channel:[id: 0x25636296, L:/192.168.200.1:59107 - R:/192.168.200.128:8099]
00:02:23:258  INFO 41276 --- [main] i.s.core.rpc.netty.NettyPoolableFactory  : register success, cost 36 ms, version:1.5.2,role:TMROLE,channel:[id: 0x25636296, L:/192.168.200.1:59107 - R:/192.168.200.128:8099]
00:02:23:258  INFO 41276 --- [main] i.s.s.a.GlobalTransactionScanner         : Transaction Manager Client is initialized. applicationId[cart-service] txServiceGroup[hmall]
00:02:23:264  INFO 41276 --- [main] io.seata.rm.datasource.AsyncWorker       : Async Commit Buffer Limit: 10000
00:02:23:265  INFO 41276 --- [main] i.s.rm.datasource.xa.ResourceManagerXA   : ResourceManagerXA init ...
00:02:23:270  INFO 41276 --- [main] i.s.core.rpc.netty.NettyClientBootstrap  : NettyClientBootstrap has started
00:02:23:270  INFO 41276 --- [main] i.s.s.a.GlobalTransactionScanner         : Resource Manager is initialized. applicationId[cart-service] txServiceGroup[hmall]
00:02:23:270  INFO 41276 --- [main] i.s.s.a.GlobalTransactionScanner         : Global Transaction Clients are initialized. 
00:02:23:272  INFO 41276 --- [main] trationDelegate$BeanPostProcessorChecker : Bean 'io.seata.spring.boot.autoconfigure.SeataDataSourceAutoConfiguration' of type [io.seata.spring.boot.autoconfigure.SeataDataSourceAutoConfiguration] is not eligible for getting processed by all BeanPostProcessors (for example: not eligible for auto-proxying)
00:02:23:382  INFO 41276 --- [main] trationDelegate$BeanPostProcessorChecker : Bean 'com.alibaba.cloud.seata.feign.SeataFeignClientAutoConfiguration$FeignBeanPostProcessorConfiguration' of type [com.alibaba.cloud.seata.feign.SeataFeignClientAutoConfiguration$FeignBeanPostProcessorConfiguration] is not eligible for getting processed by all BeanPostProcessors (for example: not eligible for auto-proxying)
00:02:23:383  INFO 41276 --- [main] trationDelegate$BeanPostProcessorChecker : Bean 'seataFeignObjectWrapper' of type [com.alibaba.cloud.seata.feign.SeataFeignObjectWrapper] is not eligible for getting processed by all BeanPostProcessors (for example: not eligible for auto-proxying)
00:02:23:631  INFO 41276 --- [main] o.s.b.w.embedded.tomcat.TomcatWebServer  : Tomcat initialized with port(s): 8082 (http)
00:02:23:641  INFO 41276 --- [main] o.apache.catalina.core.StandardService   : Starting service [Tomcat]
00:02:23:641  INFO 41276 --- [main] org.apache.catalina.core.StandardEngine  : Starting Servlet engine: [Apache Tomcat/9.0.75]
00:02:23:784  INFO 41276 --- [main] o.a.c.c.C.[Tomcat].[localhost].[/]       : Initializing Spring embedded WebApplicationContext
00:02:23:784  INFO 41276 --- [main] w.s.c.ServletWebServerApplicationContext : Root WebApplicationContext: initialization completed in 2950 ms
00:02:24:045  INFO 41276 --- [main] o.s.c.openfeign.FeignClientFactoryBean   : For 'item-service' URL not provided. Will try picking an instance via load-balancing.
00:02:24:371  INFO 41276 --- [main] com.zaxxer.hikari.HikariDataSource       : HikariPool-1 - Starting...
00:02:24:592  INFO 41276 --- [main] com.zaxxer.hikari.HikariDataSource       : HikariPool-1 - Start completed.
00:02:24:604  INFO 41276 --- [main] i.s.c.r.netty.NettyClientChannelManager  : will connect to 192.168.200.128:8099
00:02:24:604  INFO 41276 --- [main] i.s.c.rpc.netty.RmNettyRemotingClient    : RM will register :jdbc:mysql://192.168.200.128:3307/hm-cart
00:02:24:605  INFO 41276 --- [main] i.s.core.rpc.netty.NettyPoolableFactory  : NettyPool create channel to transactionRole:RMROLE,address:192.168.200.128:8099,msg:< RegisterRMRequest{resourceIds='jdbc:mysql://192.168.200.128:3307/hm-cart', applicationId='cart-service', transactionServiceGroup='hmall'} >
00:02:24:615  INFO 41276 --- [main] i.s.c.rpc.netty.RmNettyRemotingClient    : register RM success. client version:1.5.2, server version:1.5.2,channel:[id: 0x0b3dba18, L:/192.168.200.1:59115 - R:/192.168.200.128:8099]
00:02:24:615  INFO 41276 --- [main] i.s.core.rpc.netty.NettyPoolableFactory  : register success, cost 7 ms, version:1.5.2,role:RMROLE,channel:[id: 0x0b3dba18, L:/192.168.200.1:59115 - R:/192.168.200.128:8099]
00:02:25:616  INFO 41276 --- [main] c.a.c.sentinel.SentinelWebMvcConfigurer  : [Sentinel Starter] register SentinelWebInterceptor with urlPatterns: [/**].
00:02:26:551  INFO 41276 --- [main] pertySourcedRequestMappingHandlerMapping : Mapped URL path [/v2/api-docs] onto method [springfox.documentation.swagger2.web.Swagger2ControllerWebMvc#getDocumentation(String, HttpServletRequest)]
00:02:27:484  INFO 41276 --- [main] com.alibaba.nacos.common.remote.client   : [RpcClientFactory] create a new rpc client of a5330cdb-4c22-48a6-b48e-5770531e234e
00:02:27:484  INFO 41276 --- [main] com.alibaba.nacos.common.remote.client   : [a5330cdb-4c22-48a6-b48e-5770531e234e] RpcClient init label, labels = {module=naming, source=sdk}
00:02:27:484  INFO 41276 --- [main] com.alibaba.nacos.common.remote.client   : [a5330cdb-4c22-48a6-b48e-5770531e234e] RpcClient init, ServerListFactory = com.alibaba.nacos.client.naming.core.ServerListManager
00:02:27:484  INFO 41276 --- [main] com.alibaba.nacos.common.remote.client   : [a5330cdb-4c22-48a6-b48e-5770531e234e] Registry connection listener to current client:com.alibaba.nacos.client.naming.remote.gprc.redo.NamingGrpcRedoService
00:02:27:484  INFO 41276 --- [main] com.alibaba.nacos.common.remote.client   : [a5330cdb-4c22-48a6-b48e-5770531e234e] Register server push request handler:com.alibaba.nacos.client.naming.remote.gprc.NamingPushRequestHandler
00:02:27:484  INFO 41276 --- [main] com.alibaba.nacos.common.remote.client   : [a5330cdb-4c22-48a6-b48e-5770531e234e] Try to connect to server on start up, server: {serverIp = '192.168.200.128', server main port = 8848}
00:02:27:613  INFO 41276 --- [main] com.alibaba.nacos.common.remote.client   : [a5330cdb-4c22-48a6-b48e-5770531e234e] Success to connect to server [192.168.200.128:8848] on start up, connectionId = 1748448149626_192.168.200.1_59132
00:02:27:613  INFO 41276 --- [main] com.alibaba.nacos.common.remote.client   : [a5330cdb-4c22-48a6-b48e-5770531e234e] Register server push request handler:com.alibaba.nacos.common.remote.client.RpcClient$ConnectResetRequestHandler
00:02:27:613  INFO 41276 --- [main] com.alibaba.nacos.common.remote.client   : [a5330cdb-4c22-48a6-b48e-5770531e234e] Register server push request handler:com.alibaba.nacos.common.remote.client.RpcClient$$Lambda$470/0x0000000800423440
00:02:27:613  INFO 41276 --- [com.alibaba.nacos.client.remote.worker] com.alibaba.nacos.common.remote.client   : [a5330cdb-4c22-48a6-b48e-5770531e234e] Notify connected event to listeners.
00:02:27:630  INFO 41276 --- [main] o.s.b.w.embedded.tomcat.TomcatWebServer  : Tomcat started on port(s): 8082 (http) with context path ''
00:02:27:639  INFO 41276 --- [main] c.a.c.n.registry.NacosServiceRegistry    : nacos registry, DEFAULT_GROUP cart-service 192.168.3.58:8082 register finished
00:02:28:197  INFO 41276 --- [nacos-grpc-client-executor-6] com.alibaba.nacos.common.remote.client   : [a5330cdb-4c22-48a6-b48e-5770531e234e] Receive server push request, request = NotifySubscriberRequest, requestId = 116
00:02:28:199  INFO 41276 --- [nacos-grpc-client-executor-6] com.alibaba.nacos.common.remote.client   : [a5330cdb-4c22-48a6-b48e-5770531e234e] Ack server push request, request = NotifySubscriberRequest, requestId = 116
00:02:28:260  INFO 41276 --- [main] d.s.w.p.DocumentationPluginsBootstrapper : Documentation plugins bootstrapped
00:02:28:264  INFO 41276 --- [main] d.s.w.p.DocumentationPluginsBootstrapper : Found 1 custom documentation plugin(s)
00:02:28:278  INFO 41276 --- [main] s.d.s.w.s.ApiListingReferenceScanner     : Scanning for api listing references
00:02:28:343  INFO 41276 --- [main] o.s.a.r.c.CachingConnectionFactory       : Attempting to connect to: [192.168.200.128:5672]
00:02:28:371  INFO 41276 --- [main] o.s.a.r.c.CachingConnectionFactory       : Created new connection: rabbitConnectionFactory#38a6ca39:0/SimpleConnection@1ef4179 [delegate=amqp://hmall@192.168.200.128:5672//hmall, localPort= 59137]
00:02:28:431  INFO 41276 --- [main] com.hmall.cart.cartApplication           : Started cartApplication in 11.903 seconds (JVM running for 13.008)
00:02:28:436  INFO 41276 --- [main] c.a.c.n.refresh.NacosContextRefresher    : [Nacos Config] Listening config: dataId=cart-service, group=DEFAULT_GROUP
00:02:28:438  INFO 41276 --- [main] c.a.c.n.refresh.NacosContextRefresher    : [Nacos Config] Listening config: dataId=cart-service.yaml, group=DEFAULT_GROUP
00:02:28:438  INFO 41276 --- [main] c.a.c.n.refresh.NacosContextRefresher    : [Nacos Config] Listening config: dataId=cart-service-local.yaml, group=DEFAULT_GROUP
00:02:38:701  INFO 41276 --- [http-nio-8082-exec-4] o.a.c.c.C.[Tomcat].[localhost].[/]       : Initializing Spring DispatcherServlet 'dispatcherServlet'
00:02:38:701  INFO 41276 --- [http-nio-8082-exec-4] o.s.web.servlet.DispatcherServlet        : Initializing Servlet 'dispatcherServlet'
00:02:38:703  INFO 41276 --- [http-nio-8082-exec-4] o.s.web.servlet.DispatcherServlet        : Completed initialization in 2 ms
00:02:38:932 DEBUG 41276 --- [http-nio-8082-exec-4] c.h.cart.mapper.CartMapper.selectCount   : ==>  Preparing: SELECT COUNT( * ) FROM cart WHERE (user_id = ? AND item_id = ?)
00:02:38:954 DEBUG 41276 --- [http-nio-8082-exec-4] c.h.cart.mapper.CartMapper.selectCount   : ==> Parameters: 1(Long), 546872(Long)
00:02:38:972 DEBUG 41276 --- [http-nio-8082-exec-4] c.h.cart.mapper.CartMapper.selectCount   : <==      Total: 1
00:02:38:977 DEBUG 41276 --- [http-nio-8082-exec-4] c.h.cart.mapper.CartMapper.selectCount   : ==>  Preparing: SELECT COUNT( * ) FROM cart WHERE (user_id = ?)
00:02:38:977 DEBUG 41276 --- [http-nio-8082-exec-4] c.h.cart.mapper.CartMapper.selectCount   : ==> Parameters: 1(Long)
00:02:38:979 DEBUG 41276 --- [http-nio-8082-exec-4] c.h.cart.mapper.CartMapper.selectCount   : <==      Total: 1
00:02:39:022 DEBUG 41276 --- [http-nio-8082-exec-4] com.hmall.cart.mapper.CartMapper.insert  : ==>  Preparing: INSERT INTO cart ( user_id, item_id, name, spec, price, image ) VALUES ( ?, ?, ?, ?, ?, ? )
00:02:39:022 DEBUG 41276 --- [http-nio-8082-exec-4] com.hmall.cart.mapper.CartMapper.insert  : ==> Parameters: 1(Long), 546872(Long), 博兿（BOYI）拉杆包男23英寸大容量旅行包户外手提休闲拉杆袋 BY09186黑灰色(String), {"颜色": "黑色"}(String), 27500(Integer), https://m.360buyimg.com/mobilecms/s720x720_jfs/t3301/221/3887995271/90563/bf2cadb/57f9fbf4N8e47c225.jpg!q70.jpg.webp(String)
00:02:39:028 DEBUG 41276 --- [http-nio-8082-exec-4] com.hmall.cart.mapper.CartMapper.insert  : <==    Updates: 1
00:04:03:887 DEBUG 41276 --- [http-nio-8082-exec-2] c.h.cart.mapper.CartMapper.selectCount   : ==>  Preparing: SELECT COUNT( * ) FROM cart WHERE (user_id = ? AND item_id = ?)
00:04:03:887 DEBUG 41276 --- [http-nio-8082-exec-2] c.h.cart.mapper.CartMapper.selectCount   : ==> Parameters: 1(Long), 100000004580(Long)
00:04:03:889 DEBUG 41276 --- [http-nio-8082-exec-2] c.h.cart.mapper.CartMapper.selectCount   : <==      Total: 1
00:04:03:891 DEBUG 41276 --- [http-nio-8082-exec-2] c.h.cart.mapper.CartMapper.selectCount   : ==>  Preparing: SELECT COUNT( * ) FROM cart WHERE (user_id = ?)
00:04:03:891 DEBUG 41276 --- [http-nio-8082-exec-2] c.h.cart.mapper.CartMapper.selectCount   : ==> Parameters: 1(Long)
00:04:03:892 DEBUG 41276 --- [http-nio-8082-exec-2] c.h.cart.mapper.CartMapper.selectCount   : <==      Total: 1
00:04:03:893 DEBUG 41276 --- [http-nio-8082-exec-2] com.hmall.cart.mapper.CartMapper.insert  : ==>  Preparing: INSERT INTO cart ( user_id, item_id, name, spec, price, image ) VALUES ( ?, ?, ?, ?, ?, ? )
00:04:03:894 DEBUG 41276 --- [http-nio-8082-exec-2] com.hmall.cart.mapper.CartMapper.insert  : ==> Parameters: 1(Long), 100000004580(Long), 薇妮(viney)女士单肩包 时尚牛皮女包百搭斜挎包女士手提大包(经典黑)(String), {"颜色": "黑色"}(String), 87900(Integer), https://m.360buyimg.com/mobilecms/s720x720_jfs/t5590/64/5811657380/234462/5398e856/5965e173N34179777.jpg!q70.jpg.webp(String)
00:04:03:898 DEBUG 41276 --- [http-nio-8082-exec-2] com.hmall.cart.mapper.CartMapper.insert  : <==    Updates: 1
00:04:33:431  WARN 41276 --- [Thread-5] c.a.nacos.common.notify.NotifyCenter     : [NotifyCenter] Start destroying Publisher
00:04:33:431  WARN 41276 --- [Thread-1] c.a.n.common.http.HttpClientBeanHolder   : [HttpClientBeanHolder] Start destroying common HttpClient
00:04:33:432  WARN 41276 --- [Thread-5] c.a.nacos.common.notify.NotifyCenter     : [NotifyCenter] Destruction of the end
00:04:33:432  WARN 41276 --- [Thread-1] c.a.n.common.http.HttpClientBeanHolder   : [HttpClientBeanHolder] Destruction of the end
00:04:33:441  INFO 41276 --- [org.springframework.amqp.rabbit.RabbitListenerEndpointContainer#0-2] o.s.a.r.l.SimpleMessageListenerContainer : Waiting for workers to finish.
00:04:33:527  INFO 41276 --- [org.springframework.amqp.rabbit.RabbitListenerEndpointContainer#0-2] o.s.a.r.l.SimpleMessageListenerContainer : Successfully waited for workers to finish.
00:04:34:008  INFO 41276 --- [SpringContextShutdownHook] c.a.c.n.registry.NacosServiceRegistry    : De-registering from Nacos Server now...
00:04:34:012  INFO 41276 --- [SpringContextShutdownHook] c.a.c.n.registry.NacosServiceRegistry    : De-registration finished.
00:04:34:318  INFO 41276 --- [SpringContextShutdownHook] com.alibaba.nacos.common.remote.client   : Shutdown rpc client, set status to shutdown
00:04:34:318  INFO 41276 --- [SpringContextShutdownHook] com.alibaba.nacos.common.remote.client   : Shutdown client event executor java.util.concurrent.ScheduledThreadPoolExecutor@686604a[Running, pool size = 2, active threads = 2, queued tasks = 0, completed tasks = 0]
00:04:34:318  INFO 41276 --- [SpringContextShutdownHook] com.alibaba.nacos.common.remote.client   : Close current connection 1748448149626_192.168.200.1_59132
00:04:34:320  INFO 41276 --- [nacos-grpc-client-executor-34] c.a.n.c.remote.client.grpc.GrpcClient    : [1748448149626_192.168.200.1_59132]Ignore complete event,isRunning:false,isAbandon=false
00:04:34:325  INFO 41276 --- [SpringContextShutdownHook] c.a.n.c.remote.client.grpc.GrpcClient    : Shutdown grpc executor java.util.concurrent.ThreadPoolExecutor@a0eb616[Running, pool size = 5, active threads = 0, queued tasks = 0, completed tasks = 35]
00:04:34:329  INFO 41276 --- [SpringContextShutdownHook] com.zaxxer.hikari.HikariDataSource       : HikariPool-1 - Shutdown initiated...
00:04:34:347  INFO 41276 --- [SpringContextShutdownHook] com.zaxxer.hikari.HikariDataSource       : HikariPool-1 - Shutdown completed.
00:04:34:348  INFO 41276 --- [SpringContextShutdownHook] o.s.a.r.l.SimpleMessageListenerContainer : Shutdown ignored - container is already stopped
00:04:34:352  INFO 41276 --- [NettyClientSelector_TMROLE_1_1] i.s.c.r.n.AbstractNettyRemotingClient    : channel inactive: [id: 0x25636296, L:/192.168.200.1:59107 ! R:/192.168.200.128:8099]
00:04:34:352  INFO 41276 --- [NettyClientSelector_TMROLE_1_1] i.s.c.r.netty.NettyClientChannelManager  : return to pool, rm channel:[id: 0x25636296, L:/192.168.200.1:59107 ! R:/192.168.200.128:8099]
00:04:34:352  INFO 41276 --- [NettyClientSelector_TMROLE_1_1] i.s.core.rpc.netty.NettyPoolableFactory  : channel valid false,channel:[id: 0x25636296, L:/192.168.200.1:59107 ! R:/192.168.200.128:8099]
00:04:34:354  INFO 41276 --- [NettyClientSelector_TMROLE_1_1] i.s.core.rpc.netty.NettyPoolableFactory  : will destroy channel:[id: 0x25636296, L:/192.168.200.1:59107 ! R:/192.168.200.128:8099]
00:04:34:354  INFO 41276 --- [NettyClientSelector_TMROLE_1_1] i.s.c.r.n.AbstractNettyRemotingClient    : ChannelHandlerContext(AbstractNettyRemotingClient$ClientHandler#0, [id: 0x25636296, L:/192.168.200.1:59107 ! R:/192.168.200.128:8099]) will closed
00:04:34:354  INFO 41276 --- [NettyClientSelector_TMROLE_1_1] i.s.c.r.n.AbstractNettyRemotingClient    : ChannelHandlerContext(AbstractNettyRemotingClient$ClientHandler#0, [id: 0x25636296, L:/192.168.200.1:59107 ! R:/192.168.200.128:8099]) will closed
00:04:34:355  INFO 41276 --- [NettyClientSelector_RMROLE_1_1] i.s.c.r.n.AbstractNettyRemotingClient    : channel inactive: [id: 0x0b3dba18, L:/192.168.200.1:59115 ! R:/192.168.200.128:8099]
00:04:34:355  INFO 41276 --- [NettyClientSelector_RMROLE_1_1] i.s.c.r.netty.NettyClientChannelManager  : return to pool, rm channel:[id: 0x0b3dba18, L:/192.168.200.1:59115 ! R:/192.168.200.128:8099]
00:04:34:355  INFO 41276 --- [NettyClientSelector_RMROLE_1_1] i.s.core.rpc.netty.NettyPoolableFactory  : channel valid false,channel:[id: 0x0b3dba18, L:/192.168.200.1:59115 ! R:/192.168.200.128:8099]
00:04:34:356  INFO 41276 --- [NettyClientSelector_RMROLE_1_1] i.s.core.rpc.netty.NettyPoolableFactory  : will destroy channel:[id: 0x0b3dba18, L:/192.168.200.1:59115 ! R:/192.168.200.128:8099]
00:04:34:356  INFO 41276 --- [NettyClientSelector_RMROLE_1_1] i.s.c.r.n.AbstractNettyRemotingClient    : ChannelHandlerContext(AbstractNettyRemotingClient$ClientHandler#0, [id: 0x0b3dba18, L:/192.168.200.1:59115 ! R:/192.168.200.128:8099]) will closed
00:04:34:356  INFO 41276 --- [NettyClientSelector_RMROLE_1_1] i.s.c.r.n.AbstractNettyRemotingClient    : ChannelHandlerContext(AbstractNettyRemotingClient$ClientHandler#0, [id: 0x0b3dba18, L:/192.168.200.1:59115 ! R:/192.168.200.128:8099]) will closed
